[10760:13932:0519/115545.294:INFO:CONSOLE(5)] "Synchronous XMLHttpRequest on the main thread is deprecated because of its detrimental effects to the end user's experience. For more help, check https://xhr.spec.whatwg.org/.", source: https://ladc-static-js.oneclear.com/BC/Product/JS/jquery.min.js?v=1529154204 (5)
[10760:13932:0519/115545.553:INFO:CONSOLE(0)] "Slow network is detected. See https://www.chromestatus.com/feature/5636954674692096 for more details. Fallback font will be used while loading: https://ladc-static-css.oneclear.com/BC/Product/Theme/Fonts/Source/ClearLogin/ClearLogin.ttf?btbab4", source: https://www.oneclear.com/BC/Product/Modules/SignIn.aspx (0)
[10760:13932:0519/115545.554:INFO:CONSOLE(0)] "Slow network is detected. See https://www.chromestatus.com/feature/5636954674692096 for more details. Fallback font will be used while loading: https://ladc-static-css.oneclear.com/BC/Product/Theme/Fonts/Source/Roboto-Light-webfont.woff2", source: https://www.oneclear.com/BC/Product/Modules/SignIn.aspx (0)
[10760:13932:0519/115545.554:INFO:CONSOLE(0)] "Slow network is detected. See https://www.chromestatus.com/feature/5636954674692096 for more details. Fallback font will be used while loading: https://ladc-static-css.oneclear.com/BC/Product/Theme/Fonts/Source/Roboto-Regular-webfont.woff2", source: https://www.oneclear.com/BC/Product/Modules/SignIn.aspx (0)
[10760:13932:0519/115547.573:INFO:CONSOLE(31)] "%c [object HTMLImageElement]", source: https://cdn.walkme.com/player/lib/walkme_lib_20210509-112529-8bc4dca1.js (31)
[10760:13932:0519/115549.805:INFO:CONSOLE(0)] "Autofocus processing was blocked because a document already has a focused element.", source: https://www.oneclear.com/BC/Product/Modules/SignIn.aspx (0)
[10760:13932:0519/115549.879:INFO:CONSOLE(0)] "[DOM] Input elements should have autocomplete attributes (suggested: "new-password"): (More info: https://goo.gl/9p2vKq) %o", source: https://www.oneclear.com/BC/Product/Modules/SignIn.aspx (0)
[10760:13932:0519/115549.938:ERROR:device_event_log_impl.cc(214)] [11:55:49.940] Bluetooth: bluetooth_adapter_winrt.cc:1072 Getting Default Adapter failed.
[10760:13932:0519/115557.524:INFO:CONSOLE(70)] "HTML Imports is deprecated and has now been removed as of M80. See https://www.chromestatus.com/features/5144752345317376 and https://developers.google.com/web/updates/2019/07/web-components-time-to-upgrade for more details.", source: https://www.oneclear.com/BC/PRODUCT/Modules/Home/Home.aspx (70)
[10760:13932:0519/115557.524:INFO:CONSOLE(71)] "HTML Imports is deprecated and has now been removed as of M80. See https://www.chromestatus.com/features/5144752345317376 and https://developers.google.com/web/updates/2019/07/web-components-time-to-upgrade for more details.", source: https://www.oneclear.com/BC/PRODUCT/Modules/Home/Home.aspx (71)
[10760:13932:0519/115557.866:INFO:CONSOLE(105090)] "the date for url:  is : 1621405557849", source: https://www.oneclear.com/BC/Product/Bundles/JS/Dashboard_Portal?v=gzTbIadw_pQE0-AKeIRA2p00cMs1RchPBr3yxSNtS6k1 (105090)
[10760:13932:0519/115557.922:INFO:CONSOLE(105102)] "Error: the date for url:  is : 1621405557849and latency is 75ms", source: https://www.oneclear.com/BC/Product/Bundles/JS/Dashboard_Portal?v=gzTbIadw_pQE0-AKeIRA2p00cMs1RchPBr3yxSNtS6k1 (105102)
[10760:13932:0519/115558.570:INFO:CONSOLE(117040)] "Uncaught ReferenceError: signalRConnection is not defined", source: https://www.oneclear.com/BC/Product/Bundles/JS/Dashboard_Portal?v=gzTbIadw_pQE0-AKeIRA2p00cMs1RchPBr3yxSNtS6k1 (117040)
[10760:13932:0519/115558.734:INFO:CONSOLE(117033)] "Signal R Registered :LYVX/T2If/t5esOf53KOlg==_CommonSignalRTopic", source: https://www.oneclear.com/BC/Product/Bundles/JS/Dashboard_Portal?v=gzTbIadw_pQE0-AKeIRA2p00cMs1RchPBr3yxSNtS6k1 (117033)
[10760:13932:0519/115559.048:INFO:CONSOLE(31)] "%c [object HTMLImageElement]", source: https://cdn.walkme.com/player/lib/walkme_lib_20210509-112529-8bc4dca1.js (31)
[10760:13932:0519/115600.041:INFO:CONSOLE(250408)] "Auto download 0", source: https://www.oneclear.com/BC/Product/Bundles/JS/Dashboard_Portal?v=gzTbIadw_pQE0-AKeIRA2p00cMs1RchPBr3yxSNtS6k1 (250408)
[10760:13932:0519/115601.149:INFO:CONSOLE(105128)] "Streaming Server Latency Set", source: https://www.oneclear.com/BC/Product/Bundles/JS/Dashboard_Portal?v=gzTbIadw_pQE0-AKeIRA2p00cMs1RchPBr3yxSNtS6k1 (105128)
[10760:13932:0519/115604.596:INFO:CONSOLE(64)] "Signal R Registered :LYVX/T2If/t5esOf53KOlg==_CommonSignalRTopic", source:  (64)
[10760:13932:0519/115637.614:INFO:CONSOLE(76278)] "updateLibrary called for [object Object]", source: https://www.oneclear.com/BC/Product/Bundles/JS/Dashboard_Portal?v=gzTbIadw_pQE0-AKeIRA2p00cMs1RchPBr3yxSNtS6k1 (76278)
[10760:13932:0519/115730.047:INFO:CONSOLE(8123)] "Synchronous XMLHttpRequest on the main thread is deprecated because of its detrimental effects to the end user's experience. For more help, check https://xhr.spec.whatwg.org/.", source: https://www.oneclear.com/BC/Product/Bundles/JS/Dashboard_Portal?v=gzTbIadw_pQE0-AKeIRA2p00cMs1RchPBr3yxSNtS6k1 (8123)
[10760:13932:0519/115730.525:WARNING:pref_notifier_impl.cc(40)] Pref observer for media_router.cast_allow_all_ips found at shutdown.
