[13508:6676:0519/115321.557:INFO:CONSOLE(5)] "Synchronous XMLHttpRequest on the main thread is deprecated because of its detrimental effects to the end user's experience. For more help, check https://xhr.spec.whatwg.org/.", source: https://ladc-static-js.oneclear.com/BC/Product/JS/jquery.min.js?v=1529154204 (5)
[13508:6676:0519/115323.780:INFO:CONSOLE(31)] "%c [object HTMLImageElement]", source: https://cdn.walkme.com/player/lib/walkme_lib_20210509-112529-8bc4dca1.js (31)
[13508:6676:0519/115325.643:ERROR:device_event_log_impl.cc(214)] [11:53:25.645] Bluetooth: bluetooth_adapter_winrt.cc:1072 Getting Default Adapter failed.
[13508:6676:0519/115326.516:INFO:CONSOLE(0)] "Autofocus processing was blocked because a document already has a focused element.", source: https://www.oneclear.com/BC/Product/Modules/SignIn.aspx (0)
[13508:6676:0519/115326.627:INFO:CONSOLE(0)] "[DOM] Input elements should have autocomplete attributes (suggested: "new-password"): (More info: https://goo.gl/9p2vKq) %o", source: https://www.oneclear.com/BC/Product/Modules/SignIn.aspx (0)
[13508:6676:0519/115333.806:INFO:CONSOLE(70)] "HTML Imports is deprecated and has now been removed as of M80. See https://www.chromestatus.com/features/5144752345317376 and https://developers.google.com/web/updates/2019/07/web-components-time-to-upgrade for more details.", source: https://www.oneclear.com/BC/PRODUCT/Modules/Home/Home.aspx (70)
[13508:6676:0519/115333.806:INFO:CONSOLE(71)] "HTML Imports is deprecated and has now been removed as of M80. See https://www.chromestatus.com/features/5144752345317376 and https://developers.google.com/web/updates/2019/07/web-components-time-to-upgrade for more details.", source: https://www.oneclear.com/BC/PRODUCT/Modules/Home/Home.aspx (71)
[13508:6676:0519/115334.138:INFO:CONSOLE(105090)] "the date for url:  is : 1621405414116", source: https://www.oneclear.com/BC/Product/Bundles/JS/Dashboard_Portal?v=gzTbIadw_pQE0-AKeIRA2p00cMs1RchPBr3yxSNtS6k1 (105090)
[13508:6676:0519/115334.151:INFO:CONSOLE(105102)] "Error: the date for url:  is : 1621405414116and latency is 38ms", source: https://www.oneclear.com/BC/Product/Bundles/JS/Dashboard_Portal?v=gzTbIadw_pQE0-AKeIRA2p00cMs1RchPBr3yxSNtS6k1 (105102)
[13508:6676:0519/115334.899:INFO:CONSOLE(117033)] "Signal R Registered :LYVX/T2If/t5esOf53KOlg==_CommonSignalRTopic", source: https://www.oneclear.com/BC/Product/Bundles/JS/Dashboard_Portal?v=gzTbIadw_pQE0-AKeIRA2p00cMs1RchPBr3yxSNtS6k1 (117033)
[13508:6676:0519/115335.790:INFO:CONSOLE(31)] "%c [object HTMLImageElement]", source: https://cdn.walkme.com/player/lib/walkme_lib_20210509-112529-8bc4dca1.js (31)
[13508:6676:0519/115336.142:INFO:CONSOLE(250408)] "Auto download 0", source: https://www.oneclear.com/BC/Product/Bundles/JS/Dashboard_Portal?v=gzTbIadw_pQE0-AKeIRA2p00cMs1RchPBr3yxSNtS6k1 (250408)
[13508:6676:0519/115337.544:INFO:CONSOLE(105128)] "Streaming Server Latency Set", source: https://www.oneclear.com/BC/Product/Bundles/JS/Dashboard_Portal?v=gzTbIadw_pQE0-AKeIRA2p00cMs1RchPBr3yxSNtS6k1 (105128)
[13508:6676:0519/115341.503:INFO:CONSOLE(64)] "Signal R Registered :LYVX/T2If/t5esOf53KOlg==_CommonSignalRTopic", source:  (64)
[13508:6676:0519/115342.314:INFO:CONSOLE(8123)] "Synchronous XMLHttpRequest on the main thread is deprecated because of its detrimental effects to the end user's experience. For more help, check https://xhr.spec.whatwg.org/.", source: https://www.oneclear.com/BC/Product/Bundles/JS/Dashboard_Portal?v=gzTbIadw_pQE0-AKeIRA2p00cMs1RchPBr3yxSNtS6k1 (8123)
[13508:6676:0519/115342.493:INFO:CONSOLE(5)] "Synchronous XMLHttpRequest on the main thread is deprecated because of its detrimental effects to the end user's experience. For more help, check https://xhr.spec.whatwg.org/.", source: https://ladc-static-js.oneclear.com/BC/Product/JS/jquery.min.js?v=1529154204 (5)
[13508:6676:0519/115342.518:INFO:CONSOLE(0)] "[DOM] Input elements should have autocomplete attributes (suggested: "new-password"): (More info: https://goo.gl/9p2vKq) %o", source: https://www.oneclear.com/BC/Product/Modules/SignIn.aspx (0)
[13508:6676:0519/115342.607:INFO:CONSOLE(31)] "%c [object HTMLImageElement]", source: https://cdn.walkme.com/player/lib/walkme_lib_20210509-112529-8bc4dca1.js (31)
[13508:14632:0519/115546.750:ERROR:component_installer.cc(129)] Move failed.: The system cannot find the path specified. (0x3)
[13508:14632:0519/115636.903:ERROR:component_installer.cc(129)] Move failed.: The system cannot find the path specified. (0x3)
[13508:14632:0519/115641.073:ERROR:component_installer.cc(129)] Move failed.: The system cannot find the path specified. (0x3)
[13508:14632:0519/115709.440:ERROR:component_installer.cc(129)] Move failed.: The system cannot find the path specified. (0x3)
[13508:6676:0519/115727.366:WARNING:pref_notifier_impl.cc(40)] Pref observer for media_router.cast_allow_all_ips found at shutdown.
