[0328/195553.773:INFO:CONSOLE(5)] "Synchronous XMLHttpRequest on the main thread is deprecated because of its detrimental effects to the end user's experience. For more help, check https://xhr.spec.whatwg.org/.", source: https://ladc-static-js.oneclear.com/BC/Product/JS/jquery.min.js?v=1521151461 (5)
[0328/195556.867:INFO:CONSOLE(31)] "%c [object HTMLImageElement]", source: https://cdn.walkme.com/player/lib/walkme_lib_20210316-193146-16591d50.js (31)
[0328/195559.103:INFO:CONSOLE(0)] "Autofocus processing was blocked because a document already has a focused element.", source: https://www.oneclear.com/BC/Product/Modules/SignIn.aspx (0)
[0328/195607.262:INFO:CONSOLE(70)] "HTML Imports is deprecated and has now been removed as of M80. See https://www.chromestatus.com/features/5144752345317376 and https://developers.google.com/web/updates/2019/07/web-components-time-to-upgrade for more details.", source: https://www.oneclear.com/BC/PRODUCT/Modules/Home/Home.aspx (70)
[0328/195607.264:INFO:CONSOLE(71)] "HTML Imports is deprecated and has now been removed as of M80. See https://www.chromestatus.com/features/5144752345317376 and https://developers.google.com/web/updates/2019/07/web-components-time-to-upgrade for more details.", source: https://www.oneclear.com/BC/PRODUCT/Modules/Home/Home.aspx (71)
[0328/195607.671:INFO:CONSOLE(103288)] "the date for url:  is : 1616941567650", source: https://www.oneclear.com/BC/Product/Bundles/JS/Dashboard_Portal?v=kziXBo7TN5sOsxzxrAhy4dH1A8WgWbChdKqVyzxtols1 (103288)
[0328/195607.682:INFO:CONSOLE(103300)] "Error: the date for url:  is : 1616941567650and latency is 30ms", source: https://www.oneclear.com/BC/Product/Bundles/JS/Dashboard_Portal?v=kziXBo7TN5sOsxzxrAhy4dH1A8WgWbChdKqVyzxtols1 (103300)
[0328/195608.307:INFO:CONSOLE(115221)] "Uncaught ReferenceError: signalRConnection is not defined", source: https://www.oneclear.com/BC/Product/Bundles/JS/Dashboard_Portal?v=kziXBo7TN5sOsxzxrAhy4dH1A8WgWbChdKqVyzxtols1 (115221)
[0328/195609.223:INFO:CONSOLE(31)] "%c [object HTMLImageElement]", source: https://cdn.walkme.com/player/lib/walkme_lib_20210316-193146-16591d50.js (31)
[0328/195609.425:INFO:CONSOLE(115221)] "Uncaught ReferenceError: signalRConnection is not defined", source: https://www.oneclear.com/BC/Product/Bundles/JS/Dashboard_Portal?v=kziXBo7TN5sOsxzxrAhy4dH1A8WgWbChdKqVyzxtols1 (115221)
[0328/195609.655:INFO:CONSOLE(115214)] "Signal R Registered :LYVX/T2If/t5esOf53KOlg==_CommonSignalRTopic", source: https://www.oneclear.com/BC/Product/Bundles/JS/Dashboard_Portal?v=kziXBo7TN5sOsxzxrAhy4dH1A8WgWbChdKqVyzxtols1 (115214)
[0328/195610.368:INFO:CONSOLE(246499)] "Auto download 0", source: https://www.oneclear.com/BC/Product/Bundles/JS/Dashboard_Portal?v=kziXBo7TN5sOsxzxrAhy4dH1A8WgWbChdKqVyzxtols1 (246499)
[0328/195610.976:INFO:CONSOLE(103326)] "Streaming Server Latency Set", source: https://www.oneclear.com/BC/Product/Bundles/JS/Dashboard_Portal?v=kziXBo7TN5sOsxzxrAhy4dH1A8WgWbChdKqVyzxtols1 (103326)
[0328/195615.971:INFO:CONSOLE(64)] "Signal R Registered :LYVX/T2If/t5esOf53KOlg==_CommonSignalRTopic", source:  (64)
[0328/195628.842:INFO:CONSOLE(71803)] "true", source: https://www.oneclear.com/BC/Product/Bundles/JS/Dashboard_Portal?v=kziXBo7TN5sOsxzxrAhy4dH1A8WgWbChdKqVyzxtols1 (71803)
[0328/195657.186:INFO:CONSOLE(71803)] "true", source: https://www.oneclear.com/BC/Product/Bundles/JS/Dashboard_Portal?v=kziXBo7TN5sOsxzxrAhy4dH1A8WgWbChdKqVyzxtols1 (71803)
[0328/195928.165:INFO:CONSOLE(74946)] "updateLibrary called for [object Object]", source: https://www.oneclear.com/BC/Product/Bundles/JS/Dashboard_Portal?v=kziXBo7TN5sOsxzxrAhy4dH1A8WgWbChdKqVyzxtols1 (74946)
[0328/195931.785:INFO:CONSOLE(240285)] "checkaspera--202103280729245791961--749--VD--5035 is not found in Queued", source: https://www.oneclear.com/BC/Product/Bundles/JS/Dashboard_Portal?v=kziXBo7TN5sOsxzxrAhy4dH1A8WgWbChdKqVyzxtols1 (240285)
[0328/195932.063:INFO:CONSOLE(240285)] "smallTestFile--202103280729245791962--749--VD--5035 is not found in Queued", source: https://www.oneclear.com/BC/Product/Bundles/JS/Dashboard_Portal?v=kziXBo7TN5sOsxzxrAhy4dH1A8WgWbChdKqVyzxtols1 (240285)
[0328/200042.471:INFO:CONSOLE(74946)] "updateLibrary called for [object Object]", source: https://www.oneclear.com/BC/Product/Bundles/JS/Dashboard_Portal?v=kziXBo7TN5sOsxzxrAhy4dH1A8WgWbChdKqVyzxtols1 (74946)
[0328/203014.231:INFO:CONSOLE(7323)] "Synchronous XMLHttpRequest on the main thread is deprecated because of its detrimental effects to the end user's experience. For more help, check https://xhr.spec.whatwg.org/.", source: https://www.oneclear.com/BC/Product/Bundles/JS/Dashboard_Portal?v=kziXBo7TN5sOsxzxrAhy4dH1A8WgWbChdKqVyzxtols1 (7323)
[0328/203016.845:INFO:CONSOLE(1)] "Uncaught ReferenceError: jQuery is not defined", source: https://ladc-static-js.oneclear.com/BC/Product/JS/AjaxWrapper.js?v=1521151461 (1)
[0328/203016.849:INFO:CONSOLE(1)] "Uncaught ReferenceError: jQuery is not defined", source: https://ladc-static-js.oneclear.com/BC/Product/JS/Controls/PFT.Popup.js?v=1521151461 (1)
[0328/203016.853:INFO:CONSOLE(269)] "Uncaught ReferenceError: jQuery is not defined", source: https://ladc-static-js.oneclear.com/BC/Product/JS/Controls/PFT.Password-strength.js?v=1521151461 (269)
[0328/203016.856:INFO:CONSOLE(1)] "Uncaught ReferenceError: jQuery is not defined", source: https://ladc-static-js.oneclear.com/BC/Product/JS/Login.js?v=1521151461 (1)
[0328/203016.862:INFO:CONSOLE(215)] "Uncaught ReferenceError: jQuery is not defined", source: https://www.oneclear.com/BC/Product/Modules/SignIn.aspx (215)
[0328/203016.863:INFO:CONSOLE(137)] "Uncaught ReferenceError: jQuery is not defined", source: https://ladc-static-js.oneclear.com/BC/Product/JS/Login.js?v=1521151461 (137)
[0328/203016.914:INFO:CONSOLE(172)] "Uncaught ReferenceError: jQuery is not defined", source: https://ladc-static-js.oneclear.com/BC/Product/JS/Login.js?v=1521151461 (172)
[0328/203017.993:INFO:CONSOLE(57)] "Uncaught TypeError: $jq is not a function", source: https://www.oneclear.com/BC/Product/Modules/SignIn.aspx (57)
